[debug] [2023-03-28T08:22:43.122Z] ----------------------------------------------------------------------
[debug] [2023-03-28T08:22:43.124Z] Command:       C:\Program Files\nodejs\node.exe C:\Users\ASUS\AppData\Roaming\npm\node_modules\firebase-tools\lib\bin\firebase.js init
[debug] [2023-03-28T08:22:43.124Z] CLI Version:   11.24.1
[debug] [2023-03-28T08:22:43.124Z] Platform:      win32
[debug] [2023-03-28T08:22:43.124Z] Node Version:  v16.17.0
[debug] [2023-03-28T08:22:43.132Z] Time:          Tue Mar 28 2023 15:22:43 GMT+0700 (Giờ Đông Dương)
[debug] [2023-03-28T08:22:43.133Z] ----------------------------------------------------------------------
[debug] 
[debug] [2023-03-28T08:22:43.137Z] >>> [apiv2][query] GET https://firebase-public.firebaseio.com/cli.json [none]
[debug] [2023-03-28T08:22:43.172Z] > command requires scopes: ["email","openid","https://www.googleapis.com/auth/cloudplatformprojects.readonly","https://www.googleapis.com/auth/firebase","https://www.googleapis.com/auth/cloud-platform"]
[debug] [2023-03-28T08:22:43.172Z] > authorizing via signed-in user (minhchanh1681@gmail.com)
[info] 
     ######## #### ########  ######## ########     ###     ######  ########
     ##        ##  ##     ## ##       ##     ##  ##   ##  ##       ##
     ######    ##  ########  ######   ########  #########  ######  ######
     ##        ##  ##    ##  ##       ##     ## ##     ##       ## ##
     ##       #### ##     ## ######## ########  ##     ##  ######  ########

You're about to initialize a Firebase project in this directory:

  D:\NLU\Nam 4\pharmacy_frontend_2023\fe

[debug] [2023-03-28T08:22:43.864Z] <<< [apiv2][status] GET https://firebase-public.firebaseio.com/cli.json 200
[debug] [2023-03-28T08:22:43.864Z] <<< [apiv2][body] GET https://firebase-public.firebaseio.com/cli.json {"cloudBuildErrorAfter":1594252800000,"cloudBuildWarnAfter":1590019200000,"defaultNode10After":1594252800000,"minVersion":"3.0.5","node8DeploysDisabledAfter":1613390400000,"node8RuntimeDisabledAfter":1615809600000,"node8WarnAfter":1600128000000}
